2024-11-27 15:31:59,096 [INFO] Progresso carregado com sucesso.
2024-11-27 15:31:59,098 [INFO] Imagem carregada: C:\Users\User\Downloads\livros\logo_Mopi_cor.png (Base64 length: 451884)
2024-11-27 15:31:59,098 [INFO] Logo carregada com sucesso: C:\Users\User\Downloads\livros\logo_Mopi_cor.png
2024-11-27 15:31:59,099 [INFO] Imagem carregada: C:\Users\User\Downloads\livros\logo.png (Base64 length: 313512)
2024-11-27 15:31:59,099 [INFO] Logo carregada com sucesso: C:\Users\User\Downloads\livros\logo.png
2024-11-27 15:31:59,100 [INFO] Processando todos os arquivos na pasta: .
2024-11-27 15:31:59,100 [INFO] Arquivo 'Gael_Dufrayer.docx' já processado. Pulando para o próximo.
2024-11-27 15:32:11,050 [INFO] Progresso carregado com sucesso.
2024-11-27 15:32:11,052 [INFO] Imagem carregada: C:\Users\User\Downloads\livros\logo_Mopi_cor.png (Base64 length: 451884)
2024-11-27 15:32:11,052 [INFO] Logo carregada com sucesso: C:\Users\User\Downloads\livros\logo_Mopi_cor.png
2024-11-27 15:32:11,053 [INFO] Imagem carregada: C:\Users\User\Downloads\livros\logo.png (Base64 length: 313512)
2024-11-27 15:32:11,053 [INFO] Logo carregada com sucesso: C:\Users\User\Downloads\livros\logo.png
2024-11-27 15:32:11,053 [INFO] Processando todos os arquivos na pasta: .
2024-11-27 15:32:11,054 [INFO] Iniciando processamento do arquivo 'Gael_Dufrayer.docx'.
2024-11-27 15:32:11,054 [INFO] Progresso salvo com sucesso.
2024-11-27 15:32:11,054 [INFO] Processando o arquivo Word: .\Gael_Dufrayer.docx...
2024-11-27 15:32:11,063 [INFO] Gerando título e estilo das imagens...
2024-11-27 15:32:13,208 [INFO] Título: Gael e a Jornada ao Mini Mundo das Maravilhas
Estilo: Estilo visual: Cores vibrantes e alegres, linhas suaves e fluidas, texturas brilhantes e lúdicas, personagens expressivos com olhos grandes e emotivos, elementos mágicos com detalhes luminosos, cenários detalhados e encantadores, transmitindo um senso de maravilha e aventura contínua.
2024-11-27 15:32:13,211 [INFO] Quebrando a história em partes sem quebrar frases...
2024-11-27 15:32:13,220 [INFO] História dividida em 14 partes.
2024-11-27 15:32:13,221 [INFO] Resumindo a história para uso no prompt...
2024-11-27 15:32:18,623 [INFO] Resumo da história obtido.
2024-11-27 15:32:24,820 [INFO] Gerando imagem para o prompt...
2024-11-27 15:32:52,585 [INFO] Imagem obtida com sucesso.
2024-11-27 15:32:52,808 [INFO] Gerando prompt para parte da história...
2024-11-27 15:32:59,246 [INFO] Prompt gerado para imagem.
2024-11-27 15:32:59,247 [INFO] Gerando imagem para o prompt...
2024-11-27 15:33:30,071 [INFO] Imagem obtida com sucesso.
2024-11-27 15:33:30,256 [INFO] Gerando prompt para parte da história...
2024-11-27 15:33:34,432 [INFO] Prompt gerado para imagem.
2024-11-27 15:33:34,432 [INFO] Gerando imagem para o prompt...
2024-11-27 15:33:53,205 [INFO] Imagem obtida com sucesso.
2024-11-27 15:33:53,347 [INFO] Gerando prompt para parte da história...
2024-11-27 15:33:58,432 [INFO] Prompt gerado para imagem.
2024-11-27 15:33:58,433 [INFO] Gerando imagem para o prompt...
2024-11-27 15:34:19,266 [INFO] Imagem obtida com sucesso.
2024-11-27 15:34:19,420 [INFO] Gerando prompt para parte da história...
2024-11-27 15:34:25,185 [INFO] Prompt gerado para imagem.
2024-11-27 15:34:25,186 [INFO] Gerando imagem para o prompt...
2024-11-27 15:34:43,016 [INFO] Imagem obtida com sucesso.
2024-11-27 15:34:43,165 [INFO] Gerando prompt para parte da história...
2024-11-27 15:34:54,989 [INFO] Prompt gerado para imagem.
2024-11-27 15:34:54,990 [INFO] Gerando imagem para o prompt...
2024-11-27 15:35:25,416 [INFO] Imagem obtida com sucesso.
2024-11-27 15:35:25,544 [INFO] Gerando prompt para parte da história...
2024-11-27 15:35:31,972 [INFO] Prompt gerado para imagem.
2024-11-27 15:35:31,972 [INFO] Gerando imagem para o prompt...
2024-11-27 15:35:51,062 [INFO] Imagem obtida com sucesso.
2024-11-27 15:35:51,240 [INFO] Gerando prompt para parte da história...
2024-11-27 15:35:57,599 [INFO] Prompt gerado para imagem.
2024-11-27 15:35:57,600 [INFO] Gerando imagem para o prompt...
2024-11-27 15:36:16,983 [INFO] Imagem obtida com sucesso.
2024-11-27 15:36:17,183 [INFO] Gerando prompt para parte da história...
2024-11-27 15:36:22,455 [INFO] Prompt gerado para imagem.
2024-11-27 15:36:22,455 [INFO] Gerando imagem para o prompt...
2024-11-27 15:36:39,772 [INFO] Imagem obtida com sucesso.
2024-11-27 15:36:39,905 [INFO] Gerando prompt para parte da história...
2024-11-27 15:36:45,531 [INFO] Prompt gerado para imagem.
2024-11-27 15:36:45,532 [INFO] Gerando imagem para o prompt...
2024-11-27 15:37:01,598 [INFO] Imagem obtida com sucesso.
2024-11-27 15:37:01,851 [INFO] Gerando prompt para parte da história...
2024-11-27 15:37:07,005 [INFO] Prompt gerado para imagem.
2024-11-27 15:37:07,006 [INFO] Gerando imagem para o prompt...
2024-11-27 15:37:25,454 [INFO] Imagem obtida com sucesso.
2024-11-27 15:37:25,620 [INFO] Gerando prompt para parte da história...
2024-11-27 15:37:29,298 [INFO] Prompt gerado para imagem.
2024-11-27 15:37:29,299 [INFO] Gerando imagem para o prompt...
2024-11-27 15:37:47,973 [INFO] Imagem obtida com sucesso.
2024-11-27 15:37:48,140 [INFO] Gerando prompt para parte da história...
2024-11-27 15:37:52,912 [INFO] Prompt gerado para imagem.
2024-11-27 15:37:52,913 [INFO] Gerando imagem para o prompt...
2024-11-27 15:38:19,785 [INFO] Imagem obtida com sucesso.
2024-11-27 15:38:19,990 [INFO] Gerando prompt para parte da história...
2024-11-27 15:38:25,439 [INFO] Prompt gerado para imagem.
2024-11-27 15:38:25,440 [INFO] Gerando imagem para o prompt...
2024-11-27 15:38:42,121 [INFO] Imagem obtida com sucesso.
2024-11-27 15:38:42,282 [INFO] Gerando prompt para parte da história...
2024-11-27 15:38:50,464 [INFO] Prompt gerado para imagem.
2024-11-27 15:38:50,464 [INFO] Gerando imagem para o prompt...
2024-11-27 15:39:20,870 [INFO] Imagem obtida com sucesso.
2024-11-27 15:39:26,257 [INFO] Gerando imagem para o prompt...
2024-11-27 15:39:44,636 [INFO] Imagem obtida com sucesso.
2024-11-27 15:39:44,785 [INFO] Verificando imagens geradas...
2024-11-27 15:39:44,786 [INFO] Gerando o conteúdo HTML completo...
2024-11-27 15:39:44,787 [INFO] Gerando HTML da capa: Gael e a Jornada ao Mini Mundo das Maravilhas...
2024-11-27 15:39:44,789 [INFO] Gerando imagem de agradecimento personalizada...
2024-11-27 15:39:52,669 [INFO] Descrição da imagem de agradecimento gerada com sucesso.
2024-11-27 15:39:52,670 [INFO] Gerando imagem para o prompt...
2024-11-27 15:40:11,515 [INFO] Imagem obtida com sucesso.
2024-11-27 15:40:11,751 [INFO] Gerando HTML da página de agradecimento com imagem de fundo...
2024-11-27 15:40:11,752 [INFO] Gerando HTML da página 1...
2024-11-27 15:40:11,754 [INFO] Gerando HTML da página 2...
2024-11-27 15:40:11,758 [INFO] Gerando HTML da página 3...
2024-11-27 15:40:11,761 [INFO] Gerando HTML da página 4...
2024-11-27 15:40:11,764 [INFO] Gerando HTML da página 5...
2024-11-27 15:40:11,768 [INFO] Gerando HTML da página 6...
2024-11-27 15:40:11,773 [INFO] Gerando HTML da página 7...
2024-11-27 15:40:11,777 [INFO] Gerando HTML da página 8...
2024-11-27 15:40:11,783 [INFO] Gerando HTML da página 9...
2024-11-27 15:40:11,789 [INFO] Gerando HTML da página 10...
2024-11-27 15:40:11,795 [INFO] Gerando HTML da página 11...
2024-11-27 15:40:11,802 [INFO] Gerando HTML da página 12...
2024-11-27 15:40:11,810 [INFO] Gerando HTML da página 13...
2024-11-27 15:40:11,818 [INFO] Gerando HTML da página 14...
2024-11-27 15:40:11,826 [INFO] Gerando HTML da contracapa com texto de despedida e pequenos logos...
2024-11-27 15:40:11,836 [INFO] Convertendo HTML para PDF: Gael e a Jornada ao Mini Mundo das Maravilhas.pdf...
2024-11-27 15:40:18,055 [INFO] PDF 'Gael e a Jornada ao Mini Mundo das Maravilhas.pdf' gerado com sucesso na pasta 'pdfs_gerados'!
2024-11-27 15:40:18,058 [INFO] Livro 'Gael e a Jornada ao Mini Mundo das Maravilhas' processado com sucesso. PDF gerado.
2024-11-27 15:40:18,058 [INFO] Progresso salvo com sucesso.
2024-11-27 15:43:11,056 [INFO] Progresso carregado com sucesso.
2024-11-27 15:43:11,058 [INFO] Imagem carregada: C:\Users\User\Downloads\livros\logo_Mopi_cor.png (Base64 length: 451884)
2024-11-27 15:43:11,058 [INFO] Logo carregada com sucesso: C:\Users\User\Downloads\livros\logo_Mopi_cor.png
2024-11-27 15:43:11,060 [INFO] Imagem carregada: C:\Users\User\Downloads\livros\logo.png (Base64 length: 313512)
2024-11-27 15:43:11,060 [INFO] Logo carregada com sucesso: C:\Users\User\Downloads\livros\logo.png
2024-11-27 15:43:11,060 [INFO] Processando todos os arquivos na pasta: .
2024-11-27 15:43:11,061 [INFO] Iniciando processamento do arquivo 'Cecília_Rodrigues.docx'.
2024-11-27 15:43:11,061 [INFO] Progresso salvo com sucesso.
2024-11-27 15:43:11,061 [INFO] Processando o arquivo Word: .\Cecília_Rodrigues.docx...
2024-11-27 15:43:11,075 [INFO] Gerando título e estilo das imagens...
2024-11-27 15:43:13,395 [INFO] Título: Cecília e o Parque dos Sonhos Imaginários
Estilo: Estilo visual: Cores vibrantes, traços fluidos, e elementos fantásticos. Ilustrações detalhadas com um toque de aquarela, realçando a magia e a imaginação. Personagens amigáveis e expressivos com traços suaves, transmitindo alegria e calor. Fundo repleto de paisagens oníricas que incentivam a criatividade.
2024-11-27 15:43:13,397 [INFO] Quebrando a história em partes sem quebrar frases...
2024-11-27 15:43:13,403 [INFO] História dividida em 14 partes.
2024-11-27 15:43:17,445 [INFO] Gerando imagem para o prompt...
2024-11-27 15:43:34,381 [INFO] Imagem obtida com sucesso.
2024-11-27 15:43:34,575 [INFO] Gerando prompt para parte da história...
2024-11-27 15:43:39,437 [INFO] Prompt gerado para imagem.
2024-11-27 15:43:39,437 [INFO] Gerando imagem para o prompt...
2024-11-27 15:44:03,298 [INFO] Imagem obtida com sucesso.
2024-11-27 15:44:03,477 [INFO] Gerando prompt para parte da história...
2024-11-27 15:44:07,642 [INFO] Prompt gerado para imagem.
2024-11-27 15:44:07,643 [INFO] Gerando imagem para o prompt...
2024-11-27 16:01:07,974 [INFO] Progresso carregado com sucesso.
2024-11-27 16:01:07,976 [INFO] Imagem carregada: C:\Users\User\Downloads\livros\logo_Mopi_cor.png (Base64 length: 451884)
2024-11-27 16:01:07,976 [INFO] Logo carregada com sucesso: C:\Users\User\Downloads\livros\logo_Mopi_cor.png
2024-11-27 16:01:07,977 [INFO] Imagem carregada: C:\Users\User\Downloads\livros\logo.png (Base64 length: 313512)
2024-11-27 16:01:07,978 [INFO] Logo carregada com sucesso: C:\Users\User\Downloads\livros\logo.png
2024-11-27 16:01:07,978 [INFO] Processando todos os arquivos na pasta: .
2024-11-27 16:01:07,979 [INFO] Iniciando processamento do arquivo 'Anthony_custódio.docx'.
2024-11-27 16:01:07,979 [INFO] Progresso salvo com sucesso.
2024-11-27 16:01:07,980 [INFO] Processando o arquivo Word: .\Anthony_custódio.docx...
2024-11-27 16:01:07,994 [INFO] Gerando título e estilo das imagens...
2024-11-27 16:01:10,337 [INFO] Título: Anthony e a Aventura no Grande Circo Mágico
Estilo: Cores vibrantes e luminosas, traços suaves e arredondados, personagens expressivos com olhos grandes e brilhantes, cenários mágicos com detalhes encantadores, e uma atmosfera alegre e aventureira.
2024-11-27 16:01:10,338 [INFO] Quebrando a história em partes sem quebrar frases...
2024-11-27 16:01:10,339 [INFO] História dividida em 14 partes.
2024-11-27 16:01:10,341 [INFO] Resumindo a história para uso no prompt...
2024-11-27 16:01:22,247 [INFO] Resumo da história obtido.
2024-11-27 16:01:28,135 [INFO] Gerando imagem para o prompt...
2024-11-27 16:01:47,803 [INFO] Imagem obtida com sucesso.
2024-11-27 16:01:47,988 [INFO] Gerando prompt para parte da história...
2024-11-27 16:01:54,155 [INFO] Prompt gerado para imagem.
2024-11-27 16:01:54,156 [INFO] Gerando imagem para o prompt...
2024-11-27 16:02:09,934 [INFO] Imagem obtida com sucesso.
2024-11-27 16:02:10,210 [INFO] Gerando prompt para parte da história...
2024-11-27 16:02:15,595 [INFO] Prompt gerado para imagem.
2024-11-27 16:02:15,596 [INFO] Gerando imagem para o prompt...
2024-11-27 16:02:33,228 [INFO] Imagem obtida com sucesso.
2024-11-27 16:02:33,405 [INFO] Gerando prompt para parte da história...
2024-11-27 16:02:38,316 [INFO] Prompt gerado para imagem.
2024-11-27 16:02:38,317 [INFO] Gerando imagem para o prompt...
2024-11-27 16:02:55,682 [INFO] Imagem obtida com sucesso.
2024-11-27 16:02:55,865 [INFO] Gerando prompt para parte da história...
2024-11-27 16:03:00,192 [INFO] Prompt gerado para imagem.
2024-11-27 16:03:00,192 [INFO] Gerando imagem para o prompt...
2024-11-27 16:03:23,576 [INFO] Imagem obtida com sucesso.
2024-11-27 16:03:23,788 [INFO] Gerando prompt para parte da história...
2024-11-27 16:03:29,502 [INFO] Prompt gerado para imagem.
2024-11-27 16:03:29,503 [INFO] Gerando imagem para o prompt...
2024-11-27 16:03:48,716 [INFO] Imagem obtida com sucesso.
2024-11-27 16:03:48,898 [INFO] Gerando prompt para parte da história...
2024-11-27 16:03:56,472 [INFO] Prompt gerado para imagem.
2024-11-27 16:03:56,473 [INFO] Gerando imagem para o prompt...
2024-11-27 16:04:19,172 [INFO] Imagem obtida com sucesso.
2024-11-27 16:04:19,400 [INFO] Gerando prompt para parte da história...
2024-11-27 16:04:23,815 [INFO] Prompt gerado para imagem.
2024-11-27 16:04:23,815 [INFO] Gerando imagem para o prompt...
2024-11-27 16:04:42,762 [INFO] Imagem obtida com sucesso.
2024-11-27 16:04:42,944 [INFO] Gerando prompt para parte da história...
2024-11-27 16:04:48,164 [INFO] Prompt gerado para imagem.
2024-11-27 16:04:48,164 [INFO] Gerando imagem para o prompt...
2024-11-27 16:05:11,940 [INFO] Imagem obtida com sucesso.
2024-11-27 16:05:12,095 [INFO] Gerando prompt para parte da história...
2024-11-27 16:05:16,624 [INFO] Prompt gerado para imagem.
2024-11-27 16:05:16,625 [INFO] Gerando imagem para o prompt...
2024-11-27 16:05:38,041 [INFO] Imagem obtida com sucesso.
2024-11-27 16:05:38,205 [INFO] Gerando prompt para parte da história...
2024-11-27 16:05:45,036 [INFO] Prompt gerado para imagem.
2024-11-27 16:05:45,037 [INFO] Gerando imagem para o prompt...
2024-11-27 16:06:15,850 [INFO] Imagem obtida com sucesso.
2024-11-27 16:06:16,009 [INFO] Gerando prompt para parte da história...
2024-11-27 16:06:21,194 [INFO] Prompt gerado para imagem.
2024-11-27 16:06:21,195 [INFO] Gerando imagem para o prompt...
2024-11-27 16:06:39,341 [INFO] Imagem obtida com sucesso.
2024-11-27 16:06:39,540 [INFO] Gerando prompt para parte da história...
2024-11-27 16:06:43,633 [INFO] Prompt gerado para imagem.
2024-11-27 16:06:43,633 [INFO] Gerando imagem para o prompt...
2024-11-27 16:07:11,767 [INFO] Imagem obtida com sucesso.
2024-11-27 16:07:11,973 [INFO] Gerando prompt para parte da história...
2024-11-27 16:07:16,984 [INFO] Prompt gerado para imagem.
2024-11-27 16:07:16,984 [INFO] Gerando imagem para o prompt...
2024-11-27 16:07:38,357 [INFO] Imagem obtida com sucesso.
2024-11-27 16:07:38,486 [INFO] Gerando prompt para parte da história...
2024-11-27 16:07:43,074 [INFO] Prompt gerado para imagem.
2024-11-27 16:07:43,074 [INFO] Gerando imagem para o prompt...
2024-11-27 16:08:03,395 [INFO] Imagem obtida com sucesso.
2024-11-27 16:08:07,611 [INFO] Gerando imagem para o prompt...
2024-11-27 16:08:23,803 [INFO] Imagem obtida com sucesso.
2024-11-27 16:08:24,042 [INFO] Verificando imagens geradas...
2024-11-27 16:08:24,042 [INFO] Gerando o conteúdo HTML completo...
2024-11-27 16:08:24,043 [INFO] Gerando HTML da capa: Anthony e a Aventura no Grande Circo Mágico...
2024-11-27 16:08:24,046 [INFO] Gerando imagem de agradecimento personalizada...
2024-11-27 16:08:31,486 [INFO] Descrição da imagem de agradecimento gerada com sucesso.
2024-11-27 16:08:31,488 [INFO] Gerando imagem para o prompt...
2024-11-27 16:08:59,347 [INFO] Imagem obtida com sucesso.
2024-11-27 16:08:59,516 [INFO] Gerando HTML da página de agradecimento com imagem de fundo...
2024-11-27 16:08:59,517 [INFO] Gerando HTML da página 1...
2024-11-27 16:08:59,519 [INFO] Gerando HTML da página 2...
2024-11-27 16:08:59,523 [INFO] Gerando HTML da página 3...
2024-11-27 16:08:59,527 [INFO] Gerando HTML da página 4...
2024-11-27 16:08:59,533 [INFO] Gerando HTML da página 5...
2024-11-27 16:08:59,539 [INFO] Gerando HTML da página 6...
2024-11-27 16:08:59,547 [INFO] Gerando HTML da página 7...
2024-11-27 16:08:59,555 [INFO] Gerando HTML da página 8...
2024-11-27 16:08:59,566 [INFO] Gerando HTML da página 9...
2024-11-27 16:08:59,577 [INFO] Gerando HTML da página 10...
2024-11-27 16:08:59,588 [INFO] Gerando HTML da página 11...
2024-11-27 16:08:59,601 [INFO] Gerando HTML da página 12...
2024-11-27 16:08:59,615 [INFO] Gerando HTML da página 13...
2024-11-27 16:08:59,631 [INFO] Gerando HTML da página 14...
2024-11-27 16:08:59,646 [INFO] Gerando HTML da contracapa com texto de despedida e pequenos logos...
2024-11-27 16:08:59,664 [INFO] Convertendo HTML para PDF: Anthony e a Aventura no Grande Circo Mágico.pdf...
